nohup: ignoring input
Server is running on port 12001
Access the website at: http://localhost:12001
Error creating admin account: error: relation "users" does not exist
    at /workspace/nailroom-website/node_modules/pg-pool/index.js:45:11
    at process.processTicksAndRejections (node:internal/process/task_queues:95:5)
    at async createAdminAccount (/workspace/nailroom-website/server.js:526:31) {
  length: 104,
  severity: 'ERROR',
  code: '42P01',
  detail: undefined,
  hint: undefined,
  position: '15',
  internalPosition: undefined,
  internalQuery: undefined,
  where: undefined,
  schema: undefined,
  table: undefined,
  column: undefined,
  dataType: undefined,
  constraint: undefined,
  file: 'parse_relation.c',
  line: '1392',
  routine: 'parserOpenTable'
}
✅ Database tables initialized
✅ Admin account created successfully!
Username: admin
Password: admin123
Login attempt: admin
Login successful for: admin
